[debug] [2023-11-21T03:37:35.436Z] ----------------------------------------------------------------------
[debug] [2023-11-21T03:37:35.439Z] Command:       C:\Program Files\nodejs\node.exe C:\Users\62812\AppData\Roaming\npm\node_modules\firebase-tools\lib\bin\firebase.js init
[debug] [2023-11-21T03:37:35.440Z] CLI Version:   12.9.1
[debug] [2023-11-21T03:37:35.440Z] Platform:      win32
[debug] [2023-11-21T03:37:35.440Z] Node Version:  v20.3.1
[debug] [2023-11-21T03:37:35.440Z] Time:          Tue Nov 21 2023 10:37:35 GMT+0700 (Indochina Time)
[debug] [2023-11-21T03:37:35.440Z] ----------------------------------------------------------------------
[debug] 
[debug] [2023-11-21T03:37:35.448Z] > command requires scopes: ["email","openid","https://www.googleapis.com/auth/cloudplatformprojects.readonly","https://www.googleapis.com/auth/firebase","https://www.googleapis.com/auth/cloud-platform"]
[debug] [2023-11-21T03:37:35.448Z] > authorizing via signed-in user (muhammad.haikal.21@student.if.ittelkom-sby.ac.id)
[info] 
     ######## #### ########  ######## ########     ###     ######  ########
     ##        ##  ##     ## ##       ##     ##  ##   ##  ##       ##
     ######    ##  ########  ######   ########  #########  ######  ######
     ##        ##  ##    ##  ##       ##     ## ##     ##       ## ##
     ##       #### ##     ## ######## ########  ##     ##  ######  ########

You're about to initialize a Firebase project in this directory:

  C:\Users\62812\OneDrive\Documents\PEMOGRMANA BERBASIS ANTARMUKA\PEMROG_ANTARMUKA_UTS

[info] 
=== Project Setup
[info] 
[info] First, let's associate this project directory with a Firebase project.
[info] You can create multiple project aliases by running firebase use --add, 
[info] but for now we'll just set up a default project.
[info] 
[debug] [2023-11-21T03:39:38.023Z] >>> [apiv2][query] GET https://firebase.googleapis.com/v1beta1/projects pageSize=100
[debug] [2023-11-21T03:39:39.755Z] <<< [apiv2][status] GET https://firebase.googleapis.com/v1beta1/projects 200
[debug] [2023-11-21T03:39:39.756Z] <<< [apiv2][body] GET https://firebase.googleapis.com/v1beta1/projects [omitted]
[info] i  Using project project-pba (PROJECT PBA) 
[info] 
=== Database Setup
[info] i  database: ensuring required API firebasedatabase.googleapis.com is enabled... 
[debug] [2023-11-21T03:39:43.913Z] >>> [apiv2][query] GET https://serviceusage.googleapis.com/v1/projects/project-pba/services/firebasedatabase.googleapis.com [none]
[debug] [2023-11-21T03:39:43.913Z] >>> [apiv2][(partial)header] GET https://serviceusage.googleapis.com/v1/projects/project-pba/services/firebasedatabase.googleapis.com x-goog-quota-user=projects/project-pba
[debug] [2023-11-21T03:39:45.797Z] <<< [apiv2][status] GET https://serviceusage.googleapis.com/v1/projects/project-pba/services/firebasedatabase.googleapis.com 200
[debug] [2023-11-21T03:39:45.797Z] <<< [apiv2][body] GET https://serviceusage.googleapis.com/v1/projects/project-pba/services/firebasedatabase.googleapis.com [omitted]
[warn] !  database: missing required API firebasedatabase.googleapis.com. Enabling now... 
[debug] [2023-11-21T03:39:45.798Z] >>> [apiv2][query] POST https://serviceusage.googleapis.com/v1/projects/project-pba/services/firebasedatabase.googleapis.com:enable [none]
[debug] [2023-11-21T03:39:45.798Z] >>> [apiv2][(partial)header] POST https://serviceusage.googleapis.com/v1/projects/project-pba/services/firebasedatabase.googleapis.com:enable x-goog-quota-user=projects/project-pba
[debug] [2023-11-21T03:39:47.825Z] <<< [apiv2][status] POST https://serviceusage.googleapis.com/v1/projects/project-pba/services/firebasedatabase.googleapis.com:enable 200
[debug] [2023-11-21T03:39:47.825Z] <<< [apiv2][body] POST https://serviceusage.googleapis.com/v1/projects/project-pba/services/firebasedatabase.googleapis.com:enable [omitted]
[debug] [2023-11-21T03:39:57.829Z] >>> [apiv2][query] GET https://serviceusage.googleapis.com/v1/projects/project-pba/services/firebasedatabase.googleapis.com [none]
[debug] [2023-11-21T03:39:57.829Z] >>> [apiv2][(partial)header] GET https://serviceusage.googleapis.com/v1/projects/project-pba/services/firebasedatabase.googleapis.com x-goog-quota-user=projects/project-pba
[debug] [2023-11-21T03:39:59.604Z] <<< [apiv2][status] GET https://serviceusage.googleapis.com/v1/projects/project-pba/services/firebasedatabase.googleapis.com 200
[debug] [2023-11-21T03:39:59.604Z] <<< [apiv2][body] GET https://serviceusage.googleapis.com/v1/projects/project-pba/services/firebasedatabase.googleapis.com [omitted]
[info] +  database: required API firebasedatabase.googleapis.com is enabled 
[info] 
[debug] [2023-11-21T03:39:59.608Z] >>> [apiv2][query] GET https://firebase.googleapis.com/v1beta1/projects/project-pba [none]
[debug] [2023-11-21T03:40:00.910Z] <<< [apiv2][status] GET https://firebase.googleapis.com/v1beta1/projects/project-pba 200
[debug] [2023-11-21T03:40:00.910Z] <<< [apiv2][body] GET https://firebase.googleapis.com/v1beta1/projects/project-pba {"projectId":"project-pba","projectNumber":"383722669677","displayName":"PROJECT PBA","name":"projects/project-pba","resources":{"hostingSite":"project-pba"},"state":"ACTIVE","etag":"1_f30f29f4-c8a0-441d-953b-e46271833c6d"}
[debug] [2023-11-21T03:40:13.016Z] >>> [apiv2][query] POST https://firebasedatabase.googleapis.com/v1beta/projects/project-pba/locations/asia-southeast1/instances databaseId=project-pba-default-rtdb&validateOnly=true
[debug] [2023-11-21T03:40:13.016Z] >>> [apiv2][body] POST https://firebasedatabase.googleapis.com/v1beta/projects/project-pba/locations/asia-southeast1/instances {"type":"default_database"}
[debug] [2023-11-21T03:40:16.404Z] <<< [apiv2][status] POST https://firebasedatabase.googleapis.com/v1beta/projects/project-pba/locations/asia-southeast1/instances 200
[debug] [2023-11-21T03:40:16.404Z] <<< [apiv2][body] POST https://firebasedatabase.googleapis.com/v1beta/projects/project-pba/locations/asia-southeast1/instances {"name":"projects/383722669677/locations/asia-southeast1/instances/project-pba-default-rtdb","project":"projects/383722669677","databaseUrl":"https://project-pba-default-rtdb.asia-southeast1.firebasedatabase.app","type":"DEFAULT_DATABASE","state":"ACTIVE"}
[debug] [2023-11-21T03:40:16.405Z] >>> [apiv2][query] POST https://firebasedatabase.googleapis.com/v1beta/projects/project-pba/locations/asia-southeast1/instances databaseId=project-pba-default-rtdb
[debug] [2023-11-21T03:40:16.405Z] >>> [apiv2][body] POST https://firebasedatabase.googleapis.com/v1beta/projects/project-pba/locations/asia-southeast1/instances {"type":"default_database"}
[debug] [2023-11-21T03:40:17.380Z] <<< [apiv2][status] POST https://firebasedatabase.googleapis.com/v1beta/projects/project-pba/locations/asia-southeast1/instances 200
[debug] [2023-11-21T03:40:17.381Z] <<< [apiv2][body] POST https://firebasedatabase.googleapis.com/v1beta/projects/project-pba/locations/asia-southeast1/instances {"name":"projects/383722669677/locations/asia-southeast1/instances/project-pba-default-rtdb","project":"projects/383722669677","databaseUrl":"https://project-pba-default-rtdb.asia-southeast1.firebasedatabase.app","type":"DEFAULT_DATABASE","state":"ACTIVE"}
[info] 
[info] Firebase Realtime Database Security Rules allow you to define how your data should be
[info] structured and when your data can be read from and written to.
[info] 
[debug] [2023-11-21T03:40:20.896Z] >>> [apiv2][query] GET https://project-pba-default-rtdb.asia-southeast1.firebasedatabase.app/.settings/rules.json [none]
[debug] [2023-11-21T03:40:23.292Z] <<< [apiv2][status] GET https://project-pba-default-rtdb.asia-southeast1.firebasedatabase.app/.settings/rules.json 200
[debug] [2023-11-21T03:40:23.292Z] <<< [apiv2][body] GET https://project-pba-default-rtdb.asia-southeast1.firebasedatabase.app/.settings/rules.json [stream]
[info] +  Database Rules for project-pba-default-rtdb have been written to database.rules.json. 
[info] Future modifications to database.rules.json will update Realtime Database Security Rules when you run
[info] firebase deploy.
[info] 
=== Hosting Setup
[debug] [2023-11-21T03:40:23.296Z] >>> [apiv2][query] GET https://firebase.googleapis.com/v1beta1/projects/project-pba [none]
[debug] [2023-11-21T03:40:24.104Z] <<< [apiv2][status] GET https://firebase.googleapis.com/v1beta1/projects/project-pba 200
[debug] [2023-11-21T03:40:24.104Z] <<< [apiv2][body] GET https://firebase.googleapis.com/v1beta1/projects/project-pba {"projectId":"project-pba","projectNumber":"383722669677","displayName":"PROJECT PBA","name":"projects/project-pba","resources":{"hostingSite":"project-pba","realtimeDatabaseInstance":"project-pba-default-rtdb"},"state":"ACTIVE","etag":"1_f30f29f4-c8a0-441d-953b-e46271833c6d"}
[info] 
[info] Your public directory is the folder (relative to your project directory) that
[info] will contain Hosting assets to be uploaded with firebase deploy. If you
[info] have a build process for your assets, use your build's output directory.
[info] 
[debug] [2023-11-21T03:40:47.870Z] >>> [apiv2][query] GET https://www.gstatic.com/firebasejs/releases.json [none]
[debug] [2023-11-21T03:40:48.751Z] <<< [apiv2][status] GET https://www.gstatic.com/firebasejs/releases.json 200
[debug] [2023-11-21T03:40:48.751Z] <<< [apiv2][body] GET https://www.gstatic.com/firebasejs/releases.json {"current":{"version":"10.6.0","browserURL":"https://www.gstatic.com/firebasejs/10.6.0/firebase.js","packageURL":"https://www.gstatic.com/firebasejs/10.6.0/firebase.tgz"},"live":{"version":"10.6","browserURL":"https://www.gstatic.com/firebasejs/live/10.6/firebase.js","packageURL":"https://www.gstatic.com/firebasejs/live/10.6/firebase.tgz"},"components":{"analytics":"https://www.gstatic.com/firebasejs/10.6.0/firebase-analytics.js","app":"https://www.gstatic.com/firebasejs/10.6.0/firebase-app.js","app-check":"https://www.gstatic.com/firebasejs/10.6.0/firebase-app-check.js","auth":"https://www.gstatic.com/firebasejs/10.6.0/firebase-auth.js","auth/cordova":"https://www.gstatic.com/firebasejs/10.6.0/firebase-auth/cordova.js","functions":"https://www.gstatic.com/firebasejs/10.6.0/firebase-functions.js","firestore":"https://www.gstatic.com/firebasejs/10.6.0/firebase-firestore.js","firestore/lite":"https://www.gstatic.com/firebasejs/10.6.0/firebase-firestore/lite.js","installations":"https://www.gstatic.com/firebasejs/10.6.0/firebase-installations.js","storage":"https://www.gstatic.com/firebasejs/10.6.0/firebase-storage.js","performance":"https://www.gstatic.com/firebasejs/10.6.0/firebase-performance.js","remote-config":"https://www.gstatic.com/firebasejs/10.6.0/firebase-remote-config.js","messaging":"https://www.gstatic.com/firebasejs/10.6.0/firebase-messaging.js","messaging/sw":"https://www.gstatic.com/firebasejs/10.6.0/firebase-messaging/sw.js","database":"https://www.gstatic.com/firebasejs/10.6.0/firebase-database.js","firestore.memory":"https://www.gstatic.com/firebasejs/10.6.0/firebase-firestore.memory.js"}}
[info] +  Wrote public/index.html 
[info] 
[info] i  Detected a .git folder at C:\Users\62812\OneDrive\Documents\PEMOGRMANA BERBASIS ANTARMUKA\PEMROG_ANTARMUKA_UTS 
[info] i  Authorizing with GitHub to upload your service account to a GitHub repository's secrets store. 
[info] 
[info] Visit this URL on this device to log in:
[info] https://github.com/login/oauth/authorize?client_id=89cf50f02ac6aaed3484&state=149895367&redirect_uri=http%3A%2F%2Flocalhost%3A9005&scope=read%3Auser%20repo%20public_repo
[info] 
[info] Waiting for authentication...
[debug] [2023-11-21T03:41:01.781Z] >>> [apiv2][query] POST https://github.com/login/oauth/access_token [none]
[debug] [2023-11-21T03:41:01.781Z] >>> [apiv2][body] POST https://github.com/login/oauth/access_token [stream]
[debug] [2023-11-21T03:41:02.391Z] <<< [apiv2][status] POST https://github.com/login/oauth/access_token 200
[debug] [2023-11-21T03:41:02.391Z] <<< [apiv2][body] POST https://github.com/login/oauth/access_token {"access_token":"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","token_type":"bearer","scope":"read:user,repo"}
[debug] [2023-11-21T03:41:02.397Z] >>> [apiv2][query] GET https://api.github.com/user [none]
[debug] [2023-11-21T03:41:03.295Z] <<< [apiv2][status] GET https://api.github.com/user 200
[debug] [2023-11-21T03:41:03.295Z] <<< [apiv2][body] GET https://api.github.com/user {"login":"Haikalasad","id":138842668,"node_id":"U_kgDOCEaSLA","avatar_url":"https://avatars.githubusercontent.com/u/138842668?v=4","gravatar_id":"","url":"https://api.github.com/users/Haikalasad","html_url":"https://github.com/Haikalasad","followers_url":"https://api.github.com/users/Haikalasad/followers","following_url":"https://api.github.com/users/Haikalasad/following{/other_user}","gists_url":"https://api.github.com/users/Haikalasad/gists{/gist_id}","starred_url":"https://api.github.com/users/Haikalasad/starred{/owner}{/repo}","subscriptions_url":"https://api.github.com/users/Haikalasad/subscriptions","organizations_url":"https://api.github.com/users/Haikalasad/orgs","repos_url":"https://api.github.com/users/Haikalasad/repos","events_url":"https://api.github.com/users/Haikalasad/events{/privacy}","received_events_url":"https://api.github.com/users/Haikalasad/received_events","type":"User","site_admin":false,"name":"Muhammad Haikal Fikri As'ad","company":null,"blog":"","location":null,"email":null,"hireable":null,"bio":"ðŸ‘‹ Hi there! I'm Haikal, a passionate college student diving into the world of UI/UX and web development! ðŸŒðŸ’»","twitter_username":null,"public_repos":3,"public_gists":0,"followers":0,"following":0,"created_at":"2023-07-07T03:32:22Z","updated_at":"2023-11-09T14:28:41Z","private_gists":0,"total_private_repos":0,"owned_private_repos":0,"disk_usage":2326,"collaborators":0,"two_factor_authentication":false,"plan":{"name":"pro","space":976562499,"collaborators":0,"private_repos":9999}}
[info] 
[info] +  Success! Logged into GitHub as Haikalasad 
[info] 
[debug] [2023-11-21T03:41:37.241Z] >>> [apiv2][query] GET https://api.github.com/repos//actions/secrets/public-key type=owner
[debug] [2023-11-21T03:41:37.806Z] <<< [apiv2][status] GET https://api.github.com/repos//actions/secrets/public-key 404
[debug] [2023-11-21T03:41:37.806Z] <<< [apiv2][body] GET https://api.github.com/repos//actions/secrets/public-key {"message":"Not Found","documentation_url":"https://docs.github.com/rest"}
[info] 
[info] 
[error] !  The provided authorization cannot be used with this repository. If this repository is in an organization, did you remember to grant access? 
[info] 
[info] i  Action required: Visit this URL to ensure access has been granted to the appropriate organization(s) for the Firebase CLI GitHub OAuth App: 
[info] https://github.com/settings/connections/applications/89cf50f02ac6aaed3484
[info] 
[debug] [2023-11-21T03:41:41.597Z] >>> [apiv2][query] GET https://api.github.com/repos//actions/secrets/public-key type=owner
[debug] [2023-11-21T03:41:41.962Z] <<< [apiv2][status] GET https://api.github.com/repos//actions/secrets/public-key 404
[debug] [2023-11-21T03:41:41.963Z] <<< [apiv2][body] GET https://api.github.com/repos//actions/secrets/public-key {"message":"Not Found","documentation_url":"https://docs.github.com/rest"}
[info] 
[info] 
[error] !  The provided authorization cannot be used with this repository. If this repository is in an organization, did you remember to grant access? 
[info] 
[info] i  Action required: Visit this URL to ensure access has been granted to the appropriate organization(s) for the Firebase CLI GitHub OAuth App: 
[info] https://github.com/settings/connections/applications/89cf50f02ac6aaed3484
[info] 
[debug] [2023-11-21T03:41:44.354Z] >>> [apiv2][query] GET https://api.github.com/repos//actions/secrets/public-key type=owner
[debug] [2023-11-21T03:41:45.201Z] <<< [apiv2][status] GET https://api.github.com/repos//actions/secrets/public-key 404
[debug] [2023-11-21T03:41:45.201Z] <<< [apiv2][body] GET https://api.github.com/repos//actions/secrets/public-key {"message":"Not Found","documentation_url":"https://docs.github.com/rest"}
[info] 
[info] 
[error] !  The provided authorization cannot be used with this repository. If this repository is in an organization, did you remember to grant access? 
[info] 
[info] i  Action required: Visit this URL to ensure access has been granted to the appropriate organization(s) for the Firebase CLI GitHub OAuth App: 
[info] https://github.com/settings/connections/applications/89cf50f02ac6aaed3484
[info] 
